
*** Running vivado
    with args -log design_1_wrapper.vdi -applog -m64 -product Vivado -messageDb vivado.pb -mode batch -source design_1_wrapper.tcl -notrace



****** Vivado v2020.1 (64-bit)
  **** SW Build 2902540 on Wed May 27 19:54:49 MDT 2020
  **** IP Build 2902112 on Wed May 27 22:43:36 MDT 2020
    ** Copyright 1986-2020 Xilinx, Inc. All Rights Reserved.

source design_1_wrapper.tcl -notrace
INFO: [IP_Flow 19-234] Refreshing IP repositories
INFO: [IP_Flow 19-1704] No user IP repositories specified
INFO: [IP_Flow 19-2313] Loaded Vivado IP repository 'E:/XilinxVitis/Vivado/2020.1/data/ip'.
Command: link_design -top design_1_wrapper -part xazu3eg-sfvc784-1-i
Design is defaulting to srcset: sources_1
Design is defaulting to constrset: constrs_1
INFO: [Device 21-403] Loading part xazu3eg-sfvc784-1-i
INFO: [Project 1-454] Reading design checkpoint 'e:/XilinxPrj/AXU3EG/course_2020/course_s2_standalone/12_ps_emio/vivado/ps_emio.srcs/sources_1/bd/design_1/ip/design_1_zynq_ultra_ps_e_0_0/design_1_zynq_ultra_ps_e_0_0.dcp' for cell 'design_1_i/zynq_ultra_ps_e_0'
Netlist sorting complete. Time (s): cpu = 00:00:00 ; elapsed = 00:00:00.034 . Memory (MB): peak = 1249.492 ; gain = 0.000
INFO: [Netlist 29-17] Analyzing 2 Unisim elements for replacement
INFO: [Netlist 29-28] Unisim Transformation completed in 0 CPU seconds
INFO: [Project 1-479] Netlist was created with Vivado 2020.1
INFO: [Project 1-570] Preparing netlist for logic optimization
Parsing XDC File [e:/XilinxPrj/AXU3EG/course_2020/course_s2_standalone/12_ps_emio/vivado/ps_emio.srcs/sources_1/bd/design_1/ip/design_1_zynq_ultra_ps_e_0_0/design_1_zynq_ultra_ps_e_0_0.xdc] for cell 'design_1_i/zynq_ultra_ps_e_0/inst'
Finished Parsing XDC File [e:/XilinxPrj/AXU3EG/course_2020/course_s2_standalone/12_ps_emio/vivado/ps_emio.srcs/sources_1/bd/design_1/ip/design_1_zynq_ultra_ps_e_0_0/design_1_zynq_ultra_ps_e_0_0.xdc] for cell 'design_1_i/zynq_ultra_ps_e_0/inst'
Parsing XDC File [E:/XilinxPrj/AXU3EG/course_2020/course_s2_standalone/12_ps_emio/vivado/ps_emio.srcs/constrs_1/new/emio.xdc]
Finished Parsing XDC File [E:/XilinxPrj/AXU3EG/course_2020/course_s2_standalone/12_ps_emio/vivado/ps_emio.srcs/constrs_1/new/emio.xdc]
INFO: [Opt 31-138] Pushed 0 inverter(s) to 0 load pin(s).
Netlist sorting complete. Time (s): cpu = 00:00:00 ; elapsed = 00:00:00 . Memory (MB): peak = 1369.684 ; gain = 0.000
INFO: [Project 1-111] Unisim Transformation Summary:
  A total of 2 instances were transformed.
  IOBUF => IOBUF (IBUFCTRL, INBUF, OBUFT): 2 instances

11 Infos, 0 Warnings, 0 Critical Warnings and 0 Errors encountered.
link_design completed successfully
link_design: Time (s): cpu = 00:00:13 ; elapsed = 00:00:17 . Memory (MB): peak = 1369.684 ; gain = 291.484
Command: opt_design
Attempting to get a license for feature 'Implementation' and/or device 'xazu3eg'
INFO: [Common 17-349] Got license for feature 'Implementation' and/or device 'xazu3eg'
Running DRC as a precondition to command opt_design

Starting DRC Task
INFO: [DRC 23-27] Running DRC with 2 threads
INFO: [Project 1-461] DRC finished with 0 Errors
INFO: [Project 1-462] Please refer to the DRC report (report_drc) for more information.

Time (s): cpu = 00:00:02 ; elapsed = 00:00:01 . Memory (MB): peak = 1400.586 ; gain = 30.902

Starting Cache Timing Information Task
INFO: [Timing 38-35] Done setting XDC timing constraints.
Ending Cache Timing Information Task | Checksum: 2240c19c3

Time (s): cpu = 00:00:02 ; elapsed = 00:00:03 . Memory (MB): peak = 1589.316 ; gain = 188.730

Starting Logic Optimization Task

Phase 1 Retarget
INFO: [Opt 31-138] Pushed 0 inverter(s) to 0 load pin(s).
INFO: [Opt 31-49] Retargeted 0 cell(s).
Phase 1 Retarget | Checksum: 1e07fcf24

Time (s): cpu = 00:00:00 ; elapsed = 00:00:00.078 . Memory (MB): peak = 1812.129 ; gain = 0.000
INFO: [Opt 31-389] Phase Retarget created 0 cells and removed 264 cells
INFO: [Opt 31-1021] In phase Retarget, 1 netlist objects are constrained preventing optimization. Please run opt_design with -debug_log to get more detail. 

Phase 2 Constant propagation
INFO: [Opt 31-138] Pushed 0 inverter(s) to 0 load pin(s).
Phase 2 Constant propagation | Checksum: 1e3e4f680

Time (s): cpu = 00:00:00 ; elapsed = 00:00:00.083 . Memory (MB): peak = 1812.129 ; gain = 0.000
INFO: [Opt 31-389] Phase Constant propagation created 0 cells and removed 2 cells

Phase 3 Sweep
Phase 3 Sweep | Checksum: 236f80f07

Time (s): cpu = 00:00:00 ; elapsed = 00:00:00.322 . Memory (MB): peak = 1812.129 ; gain = 0.000
INFO: [Opt 31-389] Phase Sweep created 0 cells and removed 30 cells
INFO: [Opt 31-1021] In phase Sweep, 1 netlist objects are constrained preventing optimization. Please run opt_design with -debug_log to get more detail. 

Phase 4 BUFG optimization
INFO: [Opt 31-1077] Phase BUFG optimization inserted 0 global clock buffer(s) for CLOCK_LOW_FANOUT.
Phase 4 BUFG optimization | Checksum: 236f80f07

Time (s): cpu = 00:00:00 ; elapsed = 00:00:00.328 . Memory (MB): peak = 1812.129 ; gain = 0.000
INFO: [Opt 31-662] Phase BUFG optimization created 0 cells of which 0 are BUFGs and removed 0 cells.

Phase 5 Shift Register Optimization
INFO: [Opt 31-1064] SRL Remap converted 0 SRLs to 0 registers and converted 0 registers of register chains to 0 SRLs
Phase 5 Shift Register Optimization | Checksum: 236f80f07

Time (s): cpu = 00:00:00 ; elapsed = 00:00:00.345 . Memory (MB): peak = 1812.129 ; gain = 0.000
INFO: [Opt 31-389] Phase Shift Register Optimization created 0 cells and removed 0 cells

Phase 6 Post Processing Netlist
Phase 6 Post Processing Netlist | Checksum: 236f80f07

Time (s): cpu = 00:00:00 ; elapsed = 00:00:00.348 . Memory (MB): peak = 1812.129 ; gain = 0.000
INFO: [Opt 31-389] Phase Post Processing Netlist created 0 cells and removed 0 cells
Opt_design Change Summary
=========================


-------------------------------------------------------------------------------------------------------------------------
|  Phase                        |  #Cells created  |  #Cells Removed  |  #Constrained objects preventing optimizations  |
-------------------------------------------------------------------------------------------------------------------------
|  Retarget                     |               0  |             264  |                                              1  |
|  Constant propagation         |               0  |               2  |                                              0  |
|  Sweep                        |               0  |              30  |                                              1  |
|  BUFG optimization            |               0  |               0  |                                              0  |
|  Shift Register Optimization  |               0  |               0  |                                              0  |
|  Post Processing Netlist      |               0  |               0  |                                              0  |
-------------------------------------------------------------------------------------------------------------------------



Starting Connectivity Check Task

Time (s): cpu = 00:00:00 ; elapsed = 00:00:00 . Memory (MB): peak = 1812.129 ; gain = 0.000
Ending Logic Optimization Task | Checksum: 1afa0d256

Time (s): cpu = 00:00:00 ; elapsed = 00:00:00.365 . Memory (MB): peak = 1812.129 ; gain = 0.000

Starting Power Optimization Task
INFO: [Pwropt 34-132] Skipping clock gating for clocks with a period < 2.00 ns.
Ending Power Optimization Task | Checksum: 1afa0d256

Time (s): cpu = 00:00:00 ; elapsed = 00:00:00.007 . Memory (MB): peak = 1823.840 ; gain = 11.711

Starting Final Cleanup Task
Ending Final Cleanup Task | Checksum: 1afa0d256

Time (s): cpu = 00:00:00 ; elapsed = 00:00:00 . Memory (MB): peak = 1823.840 ; gain = 0.000

Starting Netlist Obfuscation Task
Netlist sorting complete. Time (s): cpu = 00:00:00 ; elapsed = 00:00:00 . Memory (MB): peak = 1823.840 ; gain = 0.000
Ending Netlist Obfuscation Task | Checksum: 1afa0d256

Time (s): cpu = 00:00:00 ; elapsed = 00:00:00.001 . Memory (MB): peak = 1823.840 ; gain = 0.000
INFO: [Common 17-83] Releasing license: Implementation
31 Infos, 0 Warnings, 0 Critical Warnings and 0 Errors encountered.
opt_design completed successfully
opt_design: Time (s): cpu = 00:00:06 ; elapsed = 00:00:06 . Memory (MB): peak = 1823.840 ; gain = 454.156
INFO: [Timing 38-480] Writing timing data to binary archive.
Writing placer database...
Writing XDEF routing.
Writing XDEF routing logical nets.
Writing XDEF routing special nets.
Write XDEF Complete: Time (s): cpu = 00:00:01 ; elapsed = 00:00:00.081 . Memory (MB): peak = 1823.926 ; gain = 0.086
INFO: [Common 17-1381] The checkpoint 'E:/XilinxPrj/AXU3EG/course_2020/course_s2_standalone/12_ps_emio/vivado/ps_emio.runs/impl_1/design_1_wrapper_opt.dcp' has been generated.
INFO: [runtcl-4] Executing : report_drc -file design_1_wrapper_drc_opted.rpt -pb design_1_wrapper_drc_opted.pb -rpx design_1_wrapper_drc_opted.rpx
Command: report_drc -file design_1_wrapper_drc_opted.rpt -pb design_1_wrapper_drc_opted.pb -rpx design_1_wrapper_drc_opted.rpx
INFO: [IP_Flow 19-1839] IP Catalog is up to date.
INFO: [DRC 23-27] Running DRC with 2 threads
INFO: [Coretcl 2-168] The results of DRC are in file E:/XilinxPrj/AXU3EG/course_2020/course_s2_standalone/12_ps_emio/vivado/ps_emio.runs/impl_1/design_1_wrapper_drc_opted.rpt.
report_drc completed successfully
Command: place_design
Attempting to get a license for feature 'Implementation' and/or device 'xazu3eg'
INFO: [Common 17-349] Got license for feature 'Implementation' and/or device 'xazu3eg'
INFO: [DRC 23-27] Running DRC with 2 threads
INFO: [Vivado_Tcl 4-198] DRC finished with 0 Errors
INFO: [Vivado_Tcl 4-199] Please refer to the DRC report (report_drc) for more information.
Running DRC as a precondition to command place_design
INFO: [DRC 23-27] Running DRC with 2 threads
INFO: [Vivado_Tcl 4-198] DRC finished with 0 Errors
INFO: [Vivado_Tcl 4-199] Please refer to the DRC report (report_drc) for more information.

Starting Placer Task
INFO: [Place 30-611] Multithreading enabled for place_design using a maximum of 2 CPUs

Phase 1 Placer Initialization

Phase 1.1 Placer Initialization Netlist Sorting
Netlist sorting complete. Time (s): cpu = 00:00:00 ; elapsed = 00:00:00 . Memory (MB): peak = 1839.992 ; gain = 0.000
Phase 1.1 Placer Initialization Netlist Sorting | Checksum: 143e3ad3b

Time (s): cpu = 00:00:00 ; elapsed = 00:00:00.005 . Memory (MB): peak = 1839.992 ; gain = 0.000
Netlist sorting complete. Time (s): cpu = 00:00:00 ; elapsed = 00:00:00 . Memory (MB): peak = 1839.992 ; gain = 0.000

Phase 1.2 IO Placement/ Clock Placement/ Build Placer Device
INFO: [Timing 38-35] Done setting XDC timing constraints.
Phase 1.2 IO Placement/ Clock Placement/ Build Placer Device | Checksum: 164dfc837

Time (s): cpu = 00:00:22 ; elapsed = 00:00:23 . Memory (MB): peak = 3059.813 ; gain = 1219.820

Phase 1.3 Build Placer Netlist Model
Phase 1.3 Build Placer Netlist Model | Checksum: 1da91880f

Time (s): cpu = 00:00:23 ; elapsed = 00:00:24 . Memory (MB): peak = 3059.813 ; gain = 1219.820

Phase 1.4 Constrain Clocks/Macros
Phase 1.4 Constrain Clocks/Macros | Checksum: 1da91880f

Time (s): cpu = 00:00:23 ; elapsed = 00:00:24 . Memory (MB): peak = 3059.813 ; gain = 1219.820
Phase 1 Placer Initialization | Checksum: 1da91880f

Time (s): cpu = 00:00:23 ; elapsed = 00:00:24 . Memory (MB): peak = 3059.813 ; gain = 1219.820

Phase 2 Global Placement

Phase 2.1 Floorplanning

Phase 2.1.1 Partition Driven Placement

Phase 2.1.1.1 PBP: Partition Driven Placement
Phase 2.1.1.1 PBP: Partition Driven Placement | Checksum: 1da91880f

Time (s): cpu = 00:00:24 ; elapsed = 00:00:24 . Memory (MB): peak = 3059.813 ; gain = 1219.820

Phase 2.1.1.2 PBP: Clock Region Placement
Phase 2.1.1.2 PBP: Clock Region Placement | Checksum: 1da91880f

Time (s): cpu = 00:00:24 ; elapsed = 00:00:24 . Memory (MB): peak = 3059.813 ; gain = 1219.820

Phase 2.1.1.3 PBP: Compute Congestion
Phase 2.1.1.3 PBP: Compute Congestion | Checksum: 1da91880f

Time (s): cpu = 00:00:24 ; elapsed = 00:00:25 . Memory (MB): peak = 3059.813 ; gain = 1219.820

Phase 2.1.1.4 PBP: Add part constraints
Phase 2.1.1.4 PBP: Add part constraints | Checksum: 1da91880f

Time (s): cpu = 00:00:24 ; elapsed = 00:00:25 . Memory (MB): peak = 3059.813 ; gain = 1219.820
Phase 2.1.1 Partition Driven Placement | Checksum: 1da91880f

Time (s): cpu = 00:00:24 ; elapsed = 00:00:25 . Memory (MB): peak = 3059.813 ; gain = 1219.820
Phase 2.1 Floorplanning | Checksum: 1da91880f

Time (s): cpu = 00:00:24 ; elapsed = 00:00:25 . Memory (MB): peak = 3059.813 ; gain = 1219.820

Phase 2.2 Global Placement Core
WARNING: [Place 46-29] place_design is not in timing mode. Skip physical synthesis in placer
Phase 2.2 Global Placement Core | Checksum: 2185b9638

Time (s): cpu = 00:00:25 ; elapsed = 00:00:25 . Memory (MB): peak = 3059.813 ; gain = 1219.820
Phase 2 Global Placement | Checksum: 2185b9638

Time (s): cpu = 00:00:25 ; elapsed = 00:00:25 . Memory (MB): peak = 3059.813 ; gain = 1219.820

Phase 3 Detail Placement

Phase 3.1 Commit Multi Column Macros
Phase 3.1 Commit Multi Column Macros | Checksum: 2185b9638

Time (s): cpu = 00:00:25 ; elapsed = 00:00:25 . Memory (MB): peak = 3059.813 ; gain = 1219.820

Phase 3.2 Commit Most Macros & LUTRAMs
Phase 3.2 Commit Most Macros & LUTRAMs | Checksum: 2185b9638

Time (s): cpu = 00:00:25 ; elapsed = 00:00:25 . Memory (MB): peak = 3059.813 ; gain = 1219.820

Phase 3.3 Area Swap Optimization
Phase 3.3 Area Swap Optimization | Checksum: 2185b9638

Time (s): cpu = 00:00:25 ; elapsed = 00:00:25 . Memory (MB): peak = 3059.813 ; gain = 1219.820

Phase 3.4 Small Shape DP

Phase 3.4.1 Small Shape Clustering
Phase 3.4.1 Small Shape Clustering | Checksum: 2425de7f6

Time (s): cpu = 00:00:25 ; elapsed = 00:00:26 . Memory (MB): peak = 3059.813 ; gain = 1219.820

Phase 3.4.2 Flow Legalize Slice Clusters
Phase 3.4.2 Flow Legalize Slice Clusters | Checksum: 1a448998c

Time (s): cpu = 00:00:25 ; elapsed = 00:00:26 . Memory (MB): peak = 3059.813 ; gain = 1219.820

Phase 3.4.3 Slice Area Swap
Phase 3.4.3 Slice Area Swap | Checksum: 1a448998c

Time (s): cpu = 00:00:25 ; elapsed = 00:00:26 . Memory (MB): peak = 3059.813 ; gain = 1219.820
Phase 3.4 Small Shape DP | Checksum: 1cbd72014

Time (s): cpu = 00:00:26 ; elapsed = 00:00:26 . Memory (MB): peak = 3059.813 ; gain = 1219.820

Phase 3.5 Re-assign LUT pins
Phase 3.5 Re-assign LUT pins | Checksum: 1cbd72014

Time (s): cpu = 00:00:26 ; elapsed = 00:00:26 . Memory (MB): peak = 3059.813 ; gain = 1219.820

Phase 3.6 Pipeline Register Optimization
Phase 3.6 Pipeline Register Optimization | Checksum: 1cbd72014

Time (s): cpu = 00:00:26 ; elapsed = 00:00:26 . Memory (MB): peak = 3059.813 ; gain = 1219.820
Phase 3 Detail Placement | Checksum: 1cbd72014

Time (s): cpu = 00:00:26 ; elapsed = 00:00:26 . Memory (MB): peak = 3059.813 ; gain = 1219.820

Phase 4 Post Placement Optimization and Clean-Up

Phase 4.1 Post Commit Optimization
Phase 4.1 Post Commit Optimization | Checksum: 1cbd72014

Time (s): cpu = 00:00:26 ; elapsed = 00:00:26 . Memory (MB): peak = 3059.813 ; gain = 1219.820

Phase 4.2 Post Placement Cleanup
Phase 4.2 Post Placement Cleanup | Checksum: 1cbd72014

Time (s): cpu = 00:00:27 ; elapsed = 00:00:27 . Memory (MB): peak = 3059.813 ; gain = 1219.820
Netlist sorting complete. Time (s): cpu = 00:00:00 ; elapsed = 00:00:00 . Memory (MB): peak = 3059.813 ; gain = 0.000

Phase 4.3 Placer Reporting
Phase 4.3 Placer Reporting | Checksum: 2719a80d9

Time (s): cpu = 00:00:28 ; elapsed = 00:00:29 . Memory (MB): peak = 3059.813 ; gain = 1219.820

Phase 4.4 Final Placement Cleanup
Netlist sorting complete. Time (s): cpu = 00:00:00 ; elapsed = 00:00:00 . Memory (MB): peak = 3059.813 ; gain = 0.000
Phase 4.4 Final Placement Cleanup | Checksum: 2719a80d9

Time (s): cpu = 00:00:28 ; elapsed = 00:00:29 . Memory (MB): peak = 3059.813 ; gain = 1219.820
Phase 4 Post Placement Optimization and Clean-Up | Checksum: 2719a80d9

Time (s): cpu = 00:00:28 ; elapsed = 00:00:29 . Memory (MB): peak = 3059.813 ; gain = 1219.820
Ending Placer Task | Checksum: 20a5691e5

Time (s): cpu = 00:00:28 ; elapsed = 00:00:29 . Memory (MB): peak = 3059.813 ; gain = 1219.820
INFO: [Common 17-83] Releasing license: Implementation
47 Infos, 1 Warnings, 0 Critical Warnings and 0 Errors encountered.
place_design completed successfully
place_design: Time (s): cpu = 00:00:29 ; elapsed = 00:00:29 . Memory (MB): peak = 3059.813 ; gain = 1219.895
INFO: [Timing 38-480] Writing timing data to binary archive.
Writing placer database...
Writing XDEF routing.
Writing XDEF routing logical nets.
Writing XDEF routing special nets.
Write XDEF Complete: Time (s): cpu = 00:00:01 ; elapsed = 00:00:00.115 . Memory (MB): peak = 3059.813 ; gain = 0.000
INFO: [Common 17-1381] The checkpoint 'E:/XilinxPrj/AXU3EG/course_2020/course_s2_standalone/12_ps_emio/vivado/ps_emio.runs/impl_1/design_1_wrapper_placed.dcp' has been generated.
INFO: [runtcl-4] Executing : report_io -file design_1_wrapper_io_placed.rpt
report_io: Time (s): cpu = 00:00:00 ; elapsed = 00:00:00.071 . Memory (MB): peak = 3059.813 ; gain = 0.000
INFO: [runtcl-4] Executing : report_utilization -file design_1_wrapper_utilization_placed.rpt -pb design_1_wrapper_utilization_placed.pb
INFO: [runtcl-4] Executing : report_control_sets -verbose -file design_1_wrapper_control_sets_placed.rpt
report_control_sets: Time (s): cpu = 00:00:00 ; elapsed = 00:00:00.001 . Memory (MB): peak = 3059.813 ; gain = 0.000
Command: phys_opt_design
Attempting to get a license for feature 'Implementation' and/or device 'xazu3eg'
INFO: [Common 17-349] Got license for feature 'Implementation' and/or device 'xazu3eg'
INFO: [Timing 38-35] Done setting XDC timing constraints.
INFO: [Vivado_Tcl 4-383] Design worst setup slack (WNS) is greater than or equal to 0.000 ns. Skipping all physical synthesis optimizations.
INFO: [Vivado_Tcl 4-232] No setup violation found. The netlist was not modified.
INFO: [Common 17-83] Releasing license: Implementation
57 Infos, 1 Warnings, 0 Critical Warnings and 0 Errors encountered.
phys_opt_design completed successfully
INFO: [Timing 38-480] Writing timing data to binary archive.
Writing placer database...
Writing XDEF routing.
Writing XDEF routing logical nets.
Writing XDEF routing special nets.
Write XDEF Complete: Time (s): cpu = 00:00:01 ; elapsed = 00:00:00.114 . Memory (MB): peak = 3059.813 ; gain = 0.000
INFO: [Common 17-1381] The checkpoint 'E:/XilinxPrj/AXU3EG/course_2020/course_s2_standalone/12_ps_emio/vivado/ps_emio.runs/impl_1/design_1_wrapper_physopt.dcp' has been generated.
Command: route_design
Attempting to get a license for feature 'Implementation' and/or device 'xazu3eg'
INFO: [Common 17-349] Got license for feature 'Implementation' and/or device 'xazu3eg'
Running DRC as a precondition to command route_design
INFO: [DRC 23-27] Running DRC with 2 threads
INFO: [Vivado_Tcl 4-198] DRC finished with 0 Errors
INFO: [Vivado_Tcl 4-199] Please refer to the DRC report (report_drc) for more information.


Starting Routing Task
INFO: [Route 35-254] Multithreading enabled for route_design using a maximum of 2 CPUs
Checksum: PlaceDB: e10667b0 ConstDB: 0 ShapeSum: 838cc970 RouteDB: a5c360c5

Phase 1 Build RT Design
Nodegraph reading from file.  Time (s): cpu = 00:00:00 ; elapsed = 00:00:00.651 . Memory (MB): peak = 3059.813 ; gain = 0.000
Phase 1 Build RT Design | Checksum: 9f2f4423

Time (s): cpu = 00:00:02 ; elapsed = 00:00:02 . Memory (MB): peak = 3059.813 ; gain = 0.000
Post Restoration Checksum: NetGraph: c594b404 NumContArr: 17e22c19 Constraints: 620bf60d Timing: 0

Phase 2 Router Initialization

Phase 2.1 Create Timer
Phase 2.1 Create Timer | Checksum: 13f82d62a

Time (s): cpu = 00:00:02 ; elapsed = 00:00:02 . Memory (MB): peak = 3059.813 ; gain = 0.000

Phase 2.2 Fix Topology Constraints
Phase 2.2 Fix Topology Constraints | Checksum: 13f82d62a

Time (s): cpu = 00:00:02 ; elapsed = 00:00:02 . Memory (MB): peak = 3059.813 ; gain = 0.000

Phase 2.3 Pre Route Cleanup
Phase 2.3 Pre Route Cleanup | Checksum: 13f82d62a

Time (s): cpu = 00:00:02 ; elapsed = 00:00:02 . Memory (MB): peak = 3059.813 ; gain = 0.000

Phase 2.4 Global Clock Net Routing
 Number of Nodes with overlaps = 0
Phase 2.4 Global Clock Net Routing | Checksum: 19af9803e

Time (s): cpu = 00:00:02 ; elapsed = 00:00:02 . Memory (MB): peak = 3059.813 ; gain = 0.000

Phase 2.5 Update Timing
Phase 2.5 Update Timing | Checksum: 15ae449b1

Time (s): cpu = 00:00:02 ; elapsed = 00:00:02 . Memory (MB): peak = 3059.813 ; gain = 0.000
Phase 2 Router Initialization | Checksum: 15ae449b1

Time (s): cpu = 00:00:02 ; elapsed = 00:00:02 . Memory (MB): peak = 3059.813 ; gain = 0.000

Router Utilization Summary
  Global Vertical Routing Utilization    = 0 %
  Global Horizontal Routing Utilization  = 0 %
  Routable Net Status*
  *Does not include unroutable nets such as driverless and loadless.
  Run report_route_status for detailed report.
  Number of Failed Nets               = 10
    (Failed Nets is the sum of unrouted and partially routed nets)
  Number of Unrouted Nets             = 8
  Number of Partially Routed Nets     = 2
  Number of Node Overlaps             = 0


Phase 3 Initial Routing
Phase 3 Initial Routing | Checksum: 15a576f89

Time (s): cpu = 00:00:03 ; elapsed = 00:00:03 . Memory (MB): peak = 3059.813 ; gain = 0.000

Phase 4 Rip-up And Reroute

Phase 4.1 Global Iteration 0
 Number of Nodes with overlaps = 0
Phase 4.1 Global Iteration 0 | Checksum: eb18bf2a

Time (s): cpu = 00:00:03 ; elapsed = 00:00:03 . Memory (MB): peak = 3059.813 ; gain = 0.000

Phase 4.2 Additional Iteration for Hold
Phase 4.2 Additional Iteration for Hold | Checksum: eb18bf2a

Time (s): cpu = 00:00:03 ; elapsed = 00:00:03 . Memory (MB): peak = 3059.813 ; gain = 0.000
Phase 4 Rip-up And Reroute | Checksum: eb18bf2a

Time (s): cpu = 00:00:03 ; elapsed = 00:00:03 . Memory (MB): peak = 3059.813 ; gain = 0.000

Phase 5 Delay and Skew Optimization

Phase 5.1 Delay CleanUp
Phase 5.1 Delay CleanUp | Checksum: eb18bf2a

Time (s): cpu = 00:00:03 ; elapsed = 00:00:03 . Memory (MB): peak = 3059.813 ; gain = 0.000

Phase 5.2 Clock Skew Optimization
Phase 5.2 Clock Skew Optimization | Checksum: eb18bf2a

Time (s): cpu = 00:00:03 ; elapsed = 00:00:03 . Memory (MB): peak = 3059.813 ; gain = 0.000
Phase 5 Delay and Skew Optimization | Checksum: eb18bf2a

Time (s): cpu = 00:00:03 ; elapsed = 00:00:03 . Memory (MB): peak = 3059.813 ; gain = 0.000

Phase 6 Post Hold Fix

Phase 6.1 Hold Fix Iter

Phase 6.1.1 Update Timing
Phase 6.1.1 Update Timing | Checksum: eb18bf2a

Time (s): cpu = 00:00:03 ; elapsed = 00:00:03 . Memory (MB): peak = 3059.813 ; gain = 0.000
Phase 6.1 Hold Fix Iter | Checksum: eb18bf2a

Time (s): cpu = 00:00:03 ; elapsed = 00:00:03 . Memory (MB): peak = 3059.813 ; gain = 0.000
Phase 6 Post Hold Fix | Checksum: eb18bf2a

Time (s): cpu = 00:00:03 ; elapsed = 00:00:03 . Memory (MB): peak = 3059.813 ; gain = 0.000

Phase 7 Route finalize

Router Utilization Summary
  Global Vertical Routing Utilization    = 0.0326995 %
  Global Horizontal Routing Utilization  = 0.0126412 %
  Routable Net Status*
  *Does not include unroutable nets such as driverless and loadless.
  Run report_route_status for detailed report.
  Number of Failed Nets               = 0
    (Failed Nets is the sum of unrouted and partially routed nets)
  Number of Unrouted Nets             = 0
  Number of Partially Routed Nets     = 0
  Number of Node Overlaps             = 0

Phase 7 Route finalize | Checksum: eb18bf2a

Time (s): cpu = 00:00:03 ; elapsed = 00:00:03 . Memory (MB): peak = 3059.813 ; gain = 0.000

Phase 8 Verifying routed nets

 Verification completed successfully
Phase 8 Verifying routed nets | Checksum: eb18bf2a

Time (s): cpu = 00:00:03 ; elapsed = 00:00:03 . Memory (MB): peak = 3059.813 ; gain = 0.000

Phase 9 Depositing Routes
Phase 9 Depositing Routes | Checksum: eb18bf2a

Time (s): cpu = 00:00:03 ; elapsed = 00:00:03 . Memory (MB): peak = 3059.813 ; gain = 0.000

Phase 10 Post Router Timing
Phase 10 Post Router Timing | Checksum: eb18bf2a

Time (s): cpu = 00:00:03 ; elapsed = 00:00:03 . Memory (MB): peak = 3059.813 ; gain = 0.000
INFO: [Route 35-16] Router Completed Successfully

Time (s): cpu = 00:00:03 ; elapsed = 00:00:03 . Memory (MB): peak = 3059.813 ; gain = 0.000

Routing Is Done.
INFO: [Common 17-83] Releasing license: Implementation
66 Infos, 1 Warnings, 0 Critical Warnings and 0 Errors encountered.
route_design completed successfully
INFO: [Timing 38-480] Writing timing data to binary archive.
Writing placer database...
Writing XDEF routing.
Writing XDEF routing logical nets.
Writing XDEF routing special nets.
Write XDEF Complete: Time (s): cpu = 00:00:01 ; elapsed = 00:00:00.126 . Memory (MB): peak = 3059.813 ; gain = 0.000
INFO: [Common 17-1381] The checkpoint 'E:/XilinxPrj/AXU3EG/course_2020/course_s2_standalone/12_ps_emio/vivado/ps_emio.runs/impl_1/design_1_wrapper_routed.dcp' has been generated.
INFO: [runtcl-4] Executing : report_drc -file design_1_wrapper_drc_routed.rpt -pb design_1_wrapper_drc_routed.pb -rpx design_1_wrapper_drc_routed.rpx
Command: report_drc -file design_1_wrapper_drc_routed.rpt -pb design_1_wrapper_drc_routed.pb -rpx design_1_wrapper_drc_routed.rpx
INFO: [IP_Flow 19-1839] IP Catalog is up to date.
INFO: [DRC 23-27] Running DRC with 2 threads
INFO: [Coretcl 2-168] The results of DRC are in file E:/XilinxPrj/AXU3EG/course_2020/course_s2_standalone/12_ps_emio/vivado/ps_emio.runs/impl_1/design_1_wrapper_drc_routed.rpt.
report_drc completed successfully
INFO: [runtcl-4] Executing : report_methodology -file design_1_wrapper_methodology_drc_routed.rpt -pb design_1_wrapper_methodology_drc_routed.pb -rpx design_1_wrapper_methodology_drc_routed.rpx
Command: report_methodology -file design_1_wrapper_methodology_drc_routed.rpt -pb design_1_wrapper_methodology_drc_routed.pb -rpx design_1_wrapper_methodology_drc_routed.rpx
INFO: [Timing 38-35] Done setting XDC timing constraints.
INFO: [DRC 23-133] Running Methodology with 2 threads
INFO: [Coretcl 2-1520] The results of Report Methodology are in file E:/XilinxPrj/AXU3EG/course_2020/course_s2_standalone/12_ps_emio/vivado/ps_emio.runs/impl_1/design_1_wrapper_methodology_drc_routed.rpt.
report_methodology completed successfully
INFO: [runtcl-4] Executing : report_power -file design_1_wrapper_power_routed.rpt -pb design_1_wrapper_power_summary_routed.pb -rpx design_1_wrapper_power_routed.rpx
Command: report_power -file design_1_wrapper_power_routed.rpt -pb design_1_wrapper_power_summary_routed.pb -rpx design_1_wrapper_power_routed.rpx
INFO: [Timing 38-35] Done setting XDC timing constraints.
Running Vector-less Activity Propagation...

Finished Running Vector-less Activity Propagation
78 Infos, 1 Warnings, 0 Critical Warnings and 0 Errors encountered.
report_power completed successfully
INFO: [runtcl-4] Executing : report_route_status -file design_1_wrapper_route_status.rpt -pb design_1_wrapper_route_status.pb
INFO: [runtcl-4] Executing : report_timing_summary -max_paths 10 -file design_1_wrapper_timing_summary_routed.rpt -pb design_1_wrapper_timing_summary_routed.pb -rpx design_1_wrapper_timing_summary_routed.rpx -warn_on_violation 
INFO: [Timing 38-91] UpdateTimingParams: Speed grade: -1, Temperature grade: I, Delay Type: min_max.
INFO: [Timing 38-191] Multithreading enabled for timing update using a maximum of 2 CPUs
INFO: [runtcl-4] Executing : report_incremental_reuse -file design_1_wrapper_incremental_reuse_routed.rpt
INFO: [Vivado_Tcl 4-1062] Incremental flow is disabled. No incremental reuse Info to report.
INFO: [runtcl-4] Executing : report_clock_utilization -file design_1_wrapper_clock_utilization_routed.rpt
INFO: [runtcl-4] Executing : report_bus_skew -warn_on_violation -file design_1_wrapper_bus_skew_routed.rpt -pb design_1_wrapper_bus_skew_routed.pb -rpx design_1_wrapper_bus_skew_routed.rpx
INFO: [Timing 38-91] UpdateTimingParams: Speed grade: -1, Temperature grade: I, Delay Type: min_max.
INFO: [Timing 38-191] Multithreading enabled for timing update using a maximum of 2 CPUs
Command: write_bitstream -force design_1_wrapper.bit
Attempting to get a license for feature 'Implementation' and/or device 'xazu3eg'
INFO: [Common 17-349] Got license for feature 'Implementation' and/or device 'xazu3eg'
Running DRC as a precondition to command write_bitstream
INFO: [IP_Flow 19-1839] IP Catalog is up to date.
INFO: [DRC 23-27] Running DRC with 2 threads
INFO: [Vivado 12-3199] DRC finished with 0 Errors
INFO: [Vivado 12-3200] Please refer to the DRC report (report_drc) for more information.
INFO: [Designutils 20-2272] Running write_bitstream with 2 threads.
Loading data files...
Loading site data...
Loading route data...
Processing options...
Creating bitmap...
Creating bitstream...
Bitstream compression saved 32624448 bits.
Writing bitstream ./design_1_wrapper.bit...
INFO: [Vivado 12-1842] Bitgen Completed Successfully.
INFO: [Project 1-120] WebTalk data collection is mandatory when using a WebPACK part without a full Vivado license. To see the specific WebTalk data collected for your design, open the usage_statistics_webtalk.html or usage_statistics_webtalk.xml file in the implementation directory.
INFO: [Common 17-186] 'E:/XilinxPrj/AXU3EG/course_2020/course_s2_standalone/12_ps_emio/vivado/ps_emio.runs/impl_1/usage_statistics_webtalk.xml' has been successfully sent to Xilinx on Tue Jun 16 11:38:00 2020. For additional details about this file, please refer to the WebTalk help file at E:/XilinxVitis/Vivado/2020.1/doc/webtalk_introduction.html.
INFO: [Common 17-83] Releasing license: Implementation
98 Infos, 1 Warnings, 0 Critical Warnings and 0 Errors encountered.
write_bitstream completed successfully
write_bitstream: Time (s): cpu = 00:00:11 ; elapsed = 00:00:14 . Memory (MB): peak = 3059.813 ; gain = 0.000
INFO: [Common 17-206] Exiting Vivado at Tue Jun 16 11:38:00 2020...

*** Running vivado
    with args -log design_1_wrapper.vdi -applog -m64 -product Vivado -messageDb vivado.pb -mode batch -source design_1_wrapper.tcl -notrace


****** Vivado v2021.1 (64-bit)
  **** SW Build 3247384 on Thu Jun 10 19:36:07 MDT 2021
  **** IP Build 3246043 on Fri Jun 11 00:30:35 MDT 2021
    ** Copyright 1986-2021 Xilinx, Inc. All Rights Reserved.

source design_1_wrapper.tcl -notrace
Command: open_checkpoint design_1_wrapper_routed.dcp

Time (s): cpu = 00:00:00.07 ; elapsed = 00:00:00.04 . Memory (MB): peak = 2546.871 ; gain = 5.938 ; free physical = 370 ; free virtual = 18474
INFO: [Device 21-403] Loading part xazu3eg-sfvc784-1-i
Netlist sorting complete. Time (s): cpu = 00:00:00.02 ; elapsed = 00:00:00.01 . Memory (MB): peak = 2549.031 ; gain = 0.000 ; free physical = 416 ; free virtual = 18580
INFO: [Netlist 29-17] Analyzing 2 Unisim elements for replacement
INFO: [Netlist 29-28] Unisim Transformation completed in 0 CPU seconds
INFO: [Project 1-479] Netlist was created with Vivado 2020.1
INFO: [Project 1-570] Preparing netlist for logic optimization
INFO: [Constraints 18-5435] Cannot read file, the software version for the checkpoint (2020.1.2902540) does not match the current software version (2021.1.3247384).
  File : /home/s/Downloads/course_s2/12_ps_emio/vivado/ps_emio.runs/impl_1/design_1_wrapper_routed/design_1_wrapper.xbdc.
Parsing XDC File [/home/s/Downloads/course_s2/12_ps_emio/vivado/ps_emio.runs/impl_1/design_1_wrapper_routed/design_1_wrapper_early.xdc]
Finished Parsing XDC File [/home/s/Downloads/course_s2/12_ps_emio/vivado/ps_emio.runs/impl_1/design_1_wrapper_routed/design_1_wrapper_early.xdc]
Parsing XDC File [/home/s/Downloads/course_s2/12_ps_emio/vivado/ps_emio.runs/impl_1/design_1_wrapper_routed/design_1_wrapper.xdc]
Finished Parsing XDC File [/home/s/Downloads/course_s2/12_ps_emio/vivado/ps_emio.runs/impl_1/design_1_wrapper_routed/design_1_wrapper.xdc]
Reading XDEF placement.
Reading placer database...
Reading XDEF routing.
Read XDEF File: Time (s): cpu = 00:00:01 ; elapsed = 00:00:01 . Memory (MB): peak = 2549.031 ; gain = 0.000 ; free physical = 295 ; free virtual = 18471
Restored from archive | CPU: 1.030000 secs | Memory: 0.724121 MB |
Finished XDEF File Restore: Time (s): cpu = 00:00:01 ; elapsed = 00:00:01 . Memory (MB): peak = 2549.031 ; gain = 0.000 ; free physical = 295 ; free virtual = 18471
INFO: [Opt 31-138] Pushed 0 inverter(s) to 0 load pin(s).
Netlist sorting complete. Time (s): cpu = 00:00:00 ; elapsed = 00:00:00 . Memory (MB): peak = 2925.199 ; gain = 0.000 ; free physical = 258 ; free virtual = 18131
INFO: [Project 1-111] Unisim Transformation Summary:
  A total of 2 instances were transformed.
  IOBUF => IOBUF (IBUFCTRL, INBUF, OBUFT): 2 instances

INFO: [Project 1-604] Checkpoint was created with Vivado v2020.1 (64-bit) build 2902540
open_checkpoint: Time (s): cpu = 00:00:20 ; elapsed = 00:00:21 . Memory (MB): peak = 2925.199 ; gain = 387.234 ; free physical = 257 ; free virtual = 18130
Command: write_bitstream -force design_1_wrapper.bit
Attempting to get a license for feature 'Implementation' and/or device 'xazu3eg'
INFO: [Common 17-349] Got license for feature 'Implementation' and/or device 'xazu3eg'
Running DRC as a precondition to command write_bitstream
INFO: [IP_Flow 19-234] Refreshing IP repositories
INFO: [IP_Flow 19-1704] No user IP repositories specified
INFO: [IP_Flow 19-2313] Loaded Vivado IP repository '/home/s/Xilinx/Vivado/2021.1/data/ip'.
INFO: [Timing 38-35] Done setting XDC timing constraints.
INFO: [DRC 23-27] Running DRC with 8 threads
INFO: [Vivado 12-3199] DRC finished with 0 Errors
INFO: [Vivado 12-3200] Please refer to the DRC report (report_drc) for more information.
INFO: [Designutils 20-2272] Running write_bitstream with 8 threads.
Loading data files...
Loading site data...
Loading route data...
Processing options...
Creating bitmap...
Creating bitstream...
Bitstream compression saved 32624448 bits.
Writing bitstream ./design_1_wrapper.bit...
INFO: [Vivado 12-1842] Bitgen Completed Successfully.
INFO: [#UNDEF] WebTalk data collection is mandatory when using a WebPACK part without a full Vivado license. To see the specific WebTalk data collected for your design, open the usage_statistics_webtalk.html or usage_statistics_webtalk.xml file in the implementation directory.
INFO: [Common 17-186] '/home/s/Downloads/course_s2/12_ps_emio/vivado/ps_emio.runs/impl_1/usage_statistics_webtalk.xml' has been successfully sent to Xilinx on Tue Jul 20 00:08:06 2021. For additional details about this file, please refer to the WebTalk help file at /home/s/Xilinx/Vivado/2021.1/doc/webtalk_introduction.html.
INFO: [Common 17-83] Releasing license: Implementation
22 Infos, 0 Warnings, 0 Critical Warnings and 0 Errors encountered.
write_bitstream completed successfully
write_bitstream: Time (s): cpu = 00:00:12 ; elapsed = 00:00:25 . Memory (MB): peak = 3457.398 ; gain = 532.199 ; free physical = 861 ; free virtual = 17897
INFO: [Common 17-206] Exiting Vivado at Tue Jul 20 00:08:06 2021...
