Copyright 1986-2021 Xilinx, Inc. All Rights Reserved.
-----------------------------------------------------------------------------------------------------------------------------------------------
| Tool Version : Vivado v.2021.1 (lin64) Build 3247384 Thu Jun 10 19:36:07 MDT 2021
| Date         : Fri Jul 16 11:29:41 2021
| Host         : s-PC-VK26MDZNF running 64-bit Ubuntu 18.04.2 LTS
| Command      : report_methodology -file led_methodology_drc_routed.rpt -pb led_methodology_drc_routed.pb -rpx led_methodology_drc_routed.rpx
| Design       : led
| Device       : xczu3eg-sfvc784-1-i
| Speed File   : -1
| Design State : Fully Routed
-----------------------------------------------------------------------------------------------------------------------------------------------

Report Methodology

Table of Contents
-----------------
1. REPORT SUMMARY
2. REPORT DETAILS

1. REPORT SUMMARY
-----------------
            Netlist: netlist
          Floorplan: design_1
      Design limits: <entire design considered>
             Max violations: <unlimited>
             Violations found: 2
+-----------+----------+-------------------------------+------------+
| Rule      | Severity | Description                   | Violations |
+-----------+----------+-------------------------------+------------+
| TIMING-18 | Warning  | Missing input or output delay | 2          |
+-----------+----------+-------------------------------+------------+

2. REPORT DETAILS
-----------------
TIMING-18#1 Warning
Missing input or output delay  
An input delay is missing on rst_n relative to clock(s) sys_clk_p
Related violations: <none>

TIMING-18#2 Warning
Missing input or output delay  
An output delay is missing on led relative to clock(s) sys_clk_p
Related violations: <none>


